<?xml version="1.0" encoding="UTF-8"?>
<!-- Generated by org.testng.reporters.JUnitXMLReporter -->
<testsuite ignored="0" hostname="010223HP840G564" failures="1" tests="2" name="test4" time="69.881" errors="0" timestamp="2023-08-01T10:43:11 IST">
  <testcase classname="io.cucumber.testng.AbstractTestNGCucumberTests" name="runScenario" time="19.429">
    <failure type="java.lang.IllegalArgumentException" message="Keys to send should be a not null CharSequence">
      <![CDATA[java.lang.IllegalArgumentException: Keys to send should be a not null CharSequence
at org.openqa.selenium.remote.RemoteWebElement.sendKeys(RemoteWebElement.java:98)
at org.openqa.selenium.support.pagefactory.internal.LocatingElementHandler.invoke(LocatingElementHandler.java:52)
at com.sun.proxy.$Proxy30.sendKeys(Unknown Source)
at com.ep.cucumber.actions.StepActions.setDataInTextBox(StepActions.java:63)
at com.ep.cucumber.pages.pim.PIMEmployeeListPage.searchEmpNameAndID(PIMEmployeeListPage.java:93)
at com.ep.cucumber.steps.pim.PIMEmployeeListSteps.user_search_the_employee_with_following_information(PIMEmployeeListSteps.java:36)
at ✽.user search the employee with following information(file:///C:/Users/Logeshwaran/eclipse-workspace/test/qa.ep.cucumber.test-suite/src/test/resources/features/PIM2.feature:11)
... Removed 4 stack frames]]>
    </failure>
  </testcase> <!-- runScenario -->
  <testcase classname="io.cucumber.testng.AbstractTestNGCucumberTests" name="runScenario" time="48.645"/>
</testsuite> <!-- test4 -->
